DEBUG:urllib3.connectionpool:Starting new HTTPS connection (1): www.callofduty.com:443
DEBUG:urllib3.connectionpool:https://www.callofduty.com:443 "GET /ca/en/store/bundles HTTP/1.1" 200 10304
DEBUG:urllib3.connectionpool:Starting new HTTPS connection (1): www.callofduty.com:443
DEBUG:urllib3.connectionpool:https://www.callofduty.com:443 "GET /ca/en/store/bundles/nova-6 HTTP/1.1" 200 16016
DEBUG:urllib3.connectionpool:Starting new HTTPS connection (1): www.callofduty.com:443
DEBUG:urllib3.connectionpool:https://www.callofduty.com:443 "GET /ca/en/store/bundles/tech-luxe HTTP/1.1" 200 15979
DEBUG:urllib3.connectionpool:Starting new HTTPS connection (1): www.callofduty.com:443
DEBUG:urllib3.connectionpool:https://www.callofduty.com:443 "GET /ca/en/store/bundles/moto-freak HTTP/1.1" 200 16023
DEBUG:urllib3.connectionpool:Starting new HTTPS connection (1): www.callofduty.com:443
DEBUG:urllib3.connectionpool:https://www.callofduty.com:443 "GET /ca/en/store/bundles/warrior-pack HTTP/1.1" 200 16330
DEBUG:urllib3.connectionpool:Starting new HTTPS connection (1): www.callofduty.com:443
DEBUG:urllib3.connectionpool:https://www.callofduty.com:443 "GET /ca/en/store/bundles/pumpkin-patch HTTP/1.1" 200 16351
DEBUG:urllib3.connectionpool:Starting new HTTPS connection (1): www.callofduty.com:443
DEBUG:urllib3.connectionpool:https://www.callofduty.com:443 "GET /ca/en/store/bundles/cosmic-traveler HTTP/1.1" 200 16299
DEBUG:urllib3.connectionpool:Starting new HTTPS connection (1): www.callofduty.com:443
DEBUG:urllib3.connectionpool:https://www.callofduty.com:443 "GET /ca/en/store/bundles/gunslinger-ghost HTTP/1.1" 200 16290
DEBUG:urllib3.connectionpool:Starting new HTTPS connection (1): www.callofduty.com:443
DEBUG:urllib3.connectionpool:https://www.callofduty.com:443 "GET /ca/en/store/bundles/graffiti-tactical HTTP/1.1" 200 16425
DEBUG:urllib3.connectionpool:Starting new HTTPS connection (1): www.callofduty.com:443
DEBUG:urllib3.connectionpool:https://www.callofduty.com:443 "GET /ca/en/store/bundles/griffin HTTP/1.1" 200 16058
DEBUG:urllib3.connectionpool:Starting new HTTPS connection (1): www.callofduty.com:443
DEBUG:urllib3.connectionpool:https://www.callofduty.com:443 "GET /ca/en/store/bundles/desert-rogue HTTP/1.1" 200 15956
DEBUG:urllib3.connectionpool:Starting new HTTPS connection (1): www.callofduty.com:443
DEBUG:urllib3.connectionpool:https://www.callofduty.com:443 "GET /ca/en/store/bundles/valkyrie-pack HTTP/1.1" 200 16176
DEBUG:urllib3.connectionpool:Starting new HTTPS connection (1): www.callofduty.com:443
DEBUG:urllib3.connectionpool:https://www.callofduty.com:443 "GET /ca/en/store/bundles/demon-deer HTTP/1.1" 200 16070
DEBUG:urllib3.connectionpool:Starting new HTTPS connection (1): www.callofduty.com:443
DEBUG:urllib3.connectionpool:https://www.callofduty.com:443 "GET /ca/en/store/bundles/manticore HTTP/1.1" 200 16065
DEBUG:urllib3.connectionpool:Starting new HTTPS connection (1): www.callofduty.com:443
DEBUG:urllib3.connectionpool:https://www.callofduty.com:443 "GET /ca/en/store/bundles/urban-veteran HTTP/1.1" 200 16113
